[ 2016-06-13T10:47:43+08:00 ] 127.0.0.1 /Public/vendor/zeroclipboard/ZeroClipboard.min.js
INFO: [ app_init ] --START--
INFO: Run Behavior\BuildLiteBehavior [ RunTime:0.000022s ]
INFO: [ app_init ] --END-- [ RunTime:0.000335s ]
ERR: 无法加载模块:Public

[ 2016-06-13T10:47:50+08:00 ] 127.0.0.1 /Public/vendor/zeroclipboard/ZeroClipboard.min.js
INFO: [ app_init ] --START--
INFO: Run Behavior\BuildLiteBehavior [ RunTime:0.000040s ]
INFO: [ app_init ] --END-- [ RunTime:0.000605s ]
ERR: 无法加载模块:Public

[ 2016-06-13T10:47:51+08:00 ] 127.0.0.1 /recharge
INFO: [ app_init ] --START--
INFO: Run Behavior\BuildLiteBehavior [ RunTime:0.000023s ]
INFO: [ app_init ] --END-- [ RunTime:0.000354s ]
ERR: 无法加载模块:Recharge

[ 2016-06-13T11:25:20+08:00 ] 127.0.0.1 /Public/vendor/zeroclipboard/ZeroClipboard.min.js
INFO: [ app_init ] --START--
INFO: Run Behavior\BuildLiteBehavior [ RunTime:0.000040s ]
INFO: [ app_init ] --END-- [ RunTime:0.000610s ]
ERR: 无法加载模块:Public

[ 2016-06-13T11:26:26+08:00 ] 127.0.0.1 /Public/vendor/zeroclipboard/ZeroClipboard.min.js
INFO: [ app_init ] --START--
INFO: Run Behavior\BuildLiteBehavior [ RunTime:0.000035s ]
INFO: [ app_init ] --END-- [ RunTime:0.000468s ]
ERR: 无法加载模块:Public

[ 2016-06-13T11:26:27+08:00 ] 127.0.0.1 /Public/vendor/zeroclipboard/ZeroClipboard.min.js
INFO: [ app_init ] --START--
INFO: Run Behavior\BuildLiteBehavior [ RunTime:0.000040s ]
INFO: [ app_init ] --END-- [ RunTime:0.000573s ]
ERR: 无法加载模块:Public

[ 2016-06-13T11:27:13+08:00 ] 127.0.0.1 /Public/vendor/zeroclipboard/ZeroClipboard.min.js
INFO: [ app_init ] --START--
INFO: Run Behavior\BuildLiteBehavior [ RunTime:0.000023s ]
INFO: [ app_init ] --END-- [ RunTime:0.000355s ]
ERR: 无法加载模块:Public

[ 2016-06-13T11:27:14+08:00 ] 127.0.0.1 /Public/vendor/zeroclipboard/ZeroClipboard.min.js
INFO: [ app_init ] --START--
INFO: Run Behavior\BuildLiteBehavior [ RunTime:0.000023s ]
INFO: [ app_init ] --END-- [ RunTime:0.000337s ]
ERR: 无法加载模块:Public

[ 2016-06-13T11:27:33+08:00 ] 127.0.0.1 /Public/vendor/zeroclipboard/ZeroClipboard.min.js
INFO: [ app_init ] --START--
INFO: Run Behavior\BuildLiteBehavior [ RunTime:0.000037s ]
INFO: [ app_init ] --END-- [ RunTime:0.000518s ]
ERR: 无法加载模块:Public

[ 2016-06-13T11:27:34+08:00 ] 127.0.0.1 /Public/vendor/zeroclipboard/ZeroClipboard.min.js
INFO: [ app_init ] --START--
INFO: Run Behavior\BuildLiteBehavior [ RunTime:0.000036s ]
INFO: [ app_init ] --END-- [ RunTime:0.000538s ]
ERR: 无法加载模块:Public

[ 2016-06-13T11:27:55+08:00 ] 127.0.0.1 /Public/vendor/zeroclipboard/ZeroClipboard.min.js
INFO: [ app_init ] --START--
INFO: Run Behavior\BuildLiteBehavior [ RunTime:0.000023s ]
INFO: [ app_init ] --END-- [ RunTime:0.000368s ]
ERR: 无法加载模块:Public

[ 2016-06-13T12:32:23+08:00 ] 127.0.0.1 /Public/vendor/zeroclipboard/ZeroClipboard.min.js
INFO: [ app_init ] --START--
INFO: Run Behavior\BuildLiteBehavior [ RunTime:0.000020s ]
INFO: [ app_init ] --END-- [ RunTime:0.000310s ]
ERR: 无法加载模块:Public

[ 2016-06-13T16:13:25+08:00 ] 127.0.0.1 /Public/vendor/zeroclipboard/ZeroClipboard.min.js
INFO: [ app_init ] --START--
INFO: Run Behavior\BuildLiteBehavior [ RunTime:0.000039s ]
INFO: [ app_init ] --END-- [ RunTime:0.000567s ]
ERR: 无法加载模块:Public

[ 2016-06-13T22:10:00+08:00 ] 127.0.0.1 /Public/vendor/zeroclipboard/ZeroClipboard.min.js
INFO: [ app_init ] --START--
INFO: Run Behavior\BuildLiteBehavior [ RunTime:0.000023s ]
INFO: [ app_init ] --END-- [ RunTime:0.000351s ]
ERR: 无法加载模块:Public

[ 2016-06-13T23:44:48+08:00 ] 127.0.0.1 /Public/vendor/zeroclipboard/ZeroClipboard.min.js
INFO: [ app_init ] --START--
INFO: Run Behavior\BuildLiteBehavior [ RunTime:0.000054s ]
INFO: [ app_init ] --END-- [ RunTime:0.000758s ]
ERR: 无法加载模块:Public

[ 2016-06-13T23:45:02+08:00 ] 127.0.0.1 /Public/vendor/zeroclipboard/ZeroClipboard.min.js
INFO: [ app_init ] --START--
INFO: Run Behavior\BuildLiteBehavior [ RunTime:0.000023s ]
INFO: [ app_init ] --END-- [ RunTime:0.000691s ]
ERR: 无法加载模块:Public

[ 2016-06-13T23:45:15+08:00 ] 127.0.0.1 /Public/vendor/zeroclipboard/ZeroClipboard.min.js
INFO: [ app_init ] --START--
INFO: Run Behavior\BuildLiteBehavior [ RunTime:0.000038s ]
INFO: [ app_init ] --END-- [ RunTime:0.000581s ]
ERR: 无法加载模块:Public

[ 2016-06-13T23:46:15+08:00 ] 127.0.0.1 /Public/vendor/zeroclipboard/ZeroClipboard.min.js
INFO: [ app_init ] --START--
INFO: Run Behavior\BuildLiteBehavior [ RunTime:0.000060s ]
INFO: [ app_init ] --END-- [ RunTime:0.001974s ]
ERR: 无法加载模块:Public

[ 2016-06-13T23:46:20+08:00 ] 127.0.0.1 /Public/vendor/zeroclipboard/ZeroClipboard.min.js
INFO: [ app_init ] --START--
INFO: Run Behavior\BuildLiteBehavior [ RunTime:0.000041s ]
INFO: [ app_init ] --END-- [ RunTime:0.000653s ]
ERR: 无法加载模块:Public

[ 2016-06-13T23:46:23+08:00 ] 127.0.0.1 /Public/vendor/zeroclipboard/ZeroClipboard.min.js
INFO: [ app_init ] --START--
INFO: Run Behavior\BuildLiteBehavior [ RunTime:0.000036s ]
INFO: [ app_init ] --END-- [ RunTime:0.000521s ]
ERR: 无法加载模块:Public

