[ 2016-06-21T00:05:43+08:00 ] 127.0.0.1 /
INFO: [ app_init ] --START--
INFO: Run Behavior\BuildLiteBehavior [ RunTime:0.000033s ]
INFO: [ app_init ] --END-- [ RunTime:0.001889s ]
INFO: [ app_begin ] --START--
INFO: Run Behavior\ReadHtmlCacheBehavior [ RunTime:0.000796s ]
INFO: [ app_begin ] --END-- [ RunTime:0.000901s ]
SQL: SHOW COLUMNS FROM `jz_news` [ RunTime:0.0383s ]
SQL: SELECT `news_id`,`title`,`description`,`thumb` FROM `jz_news` ORDER BY news_id desc LIMIT 0,20   [ RunTime:0.0120s ]
INFO: [ view_parse ] --START--
INFO: [ template_filter ] --START--
INFO: Run Behavior\ContentReplaceBehavior [ RunTime:0.002841s ]
INFO: [ template_filter ] --END-- [ RunTime:0.002962s ]
NOTIC: [8] Undefined variable: seo /Applications/XAMPP/xamppfiles/htdocs/jiafenzhushou/Web/Runtime/Cache/Home/a5d07c113795da31d2426caff16ba5bc.php 第 5 行.
SQL: SHOW COLUMNS FROM `jz_seo_rule` [ RunTime:0.0042s ]
NOTIC: [8192] mysql_escape_string(): This function is deprecated; use mysql_real_escape_string() instead. /Applications/XAMPP/xamppfiles/htdocs/jiafenzhushou/Web/Common/Model/SeoRuleModel.class.php 第 67 行.
NOTIC: [8192] mysql_escape_string(): This function is deprecated; use mysql_real_escape_string() instead. /Applications/XAMPP/xamppfiles/htdocs/jiafenzhushou/Web/Common/Model/SeoRuleModel.class.php 第 68 行.
NOTIC: [8192] mysql_escape_string(): This function is deprecated; use mysql_real_escape_string() instead. /Applications/XAMPP/xamppfiles/htdocs/jiafenzhushou/Web/Common/Model/SeoRuleModel.class.php 第 69 行.
ERR: 1054:Unknown column 'sort' in 'order clause'
 [ SQL语句 ] : SELECT * FROM `jz_seo_rule` WHERE ( (app='' or app='Home') and (controller='' or controller='Index') and (action='' or action='index') and status=1 ) ORDER BY sort asc 
ERR: 1054:Unknown column 'sort' in 'order clause'
 [ SQL语句 ] : SELECT * FROM `jz_seo_rule` WHERE ( (app='' or app='Home') and (controller='' or controller='Index') and (action='' or action='index') and status=1 ) ORDER BY sort asc 

[ 2016-06-21T00:06:47+08:00 ] 127.0.0.1 /
INFO: [ app_init ] --START--
INFO: Run Behavior\BuildLiteBehavior [ RunTime:0.000032s ]
INFO: [ app_init ] --END-- [ RunTime:0.000747s ]
INFO: [ app_begin ] --START--
INFO: Run Behavior\ReadHtmlCacheBehavior [ RunTime:0.000868s ]
INFO: [ app_begin ] --END-- [ RunTime:0.000995s ]
SQL: SHOW COLUMNS FROM `jz_news` [ RunTime:0.0041s ]
SQL: SELECT `news_id`,`title`,`description`,`thumb` FROM `jz_news` ORDER BY news_id desc LIMIT 0,20   [ RunTime:0.0004s ]
INFO: [ view_parse ] --START--
INFO: [ template_filter ] --START--
INFO: Run Behavior\ContentReplaceBehavior [ RunTime:0.000083s ]
INFO: [ template_filter ] --END-- [ RunTime:0.000188s ]
NOTIC: [8] Undefined variable: seo /Applications/XAMPP/xamppfiles/htdocs/jiafenzhushou/Web/Runtime/Cache/Home/a5d07c113795da31d2426caff16ba5bc.php 第 5 行.
SQL: SHOW COLUMNS FROM `jz_seo_rule` [ RunTime:0.0034s ]
NOTIC: [8192] mysql_escape_string(): This function is deprecated; use mysql_real_escape_string() instead. /Applications/XAMPP/xamppfiles/htdocs/jiafenzhushou/Web/Common/Model/SeoRuleModel.class.php 第 67 行.
NOTIC: [8192] mysql_escape_string(): This function is deprecated; use mysql_real_escape_string() instead. /Applications/XAMPP/xamppfiles/htdocs/jiafenzhushou/Web/Common/Model/SeoRuleModel.class.php 第 68 行.
NOTIC: [8192] mysql_escape_string(): This function is deprecated; use mysql_real_escape_string() instead. /Applications/XAMPP/xamppfiles/htdocs/jiafenzhushou/Web/Common/Model/SeoRuleModel.class.php 第 69 行.
SQL: SELECT * FROM `jz_seo_rule` WHERE ( (app='' or app='Home') and (controller='' or controller='Index') and (action='' or action='index') and status=1 ) ORDER BY id asc  [ RunTime:0.0051s ]
INFO: Run Behavior\ParseTemplateBehavior [ RunTime:0.030543s ]
INFO: [ view_parse ] --END-- [ RunTime:0.030675s ]
INFO: [ view_filter ] --START--
INFO: Run Behavior\WriteHtmlCacheBehavior [ RunTime:0.000778s ]
INFO: [ view_filter ] --END-- [ RunTime:0.000867s ]
INFO: [ app_end ] --START--
INFO: Run Behavior\ShowPageTraceBehavior [ RunTime:0.002022s ]
INFO: [ app_end ] --END-- [ RunTime:0.002196s ]

